# If you would like to submit a bug report, please visit:
#   https://github.com/adoptium/adoptium-support/issues
# The crash happened outside the Java Virtual Machine in native code.
# See problematic frame for where to report the bug.
#

---------------  S U M M A R Y ------------

Command Line: -XX:+ShowCodeDetailsInExceptionMessages FloorPlanner

Host: Intel(R) Pentium(R) Silver N6000 @ 1.10GHz, 4 cores, 15G,  Windows 10 , 64 bit Build 19041 (10.0.19041.4957)
Time: Sat Nov 16 20:27:59 2024 India Standard Time elapsed time: 2195.512972 seconds (0d 0h 36m 35s)

---------------  T H R E A D  ---------------

Current thread (0x000001a7be839d00):  JavaThread "AWT-Windows" daemon [_thread_in_native, id=19480, stack(0x0000000ebee00000,0x0000000ebef00000) (1024K)]

Stack: [0x0000000ebee00000,0x0000000ebef00000],  sp=0x0000000ebeefe9f0,  free space=1018k
Native frames: (J=compiled Java code, j=interpreted, Vv=VM code, C=native code)
C  [awt.dll+0xdc001]

Java frames: (J=compiled Java code, j=interpreted, Vv=VM code)
j  sun.awt.windows.WToolkit.eventLoop()V+0 java.desktop@21.0.4
j  sun.awt.windows.WToolkit.run()V+50 java.desktop@21.0.4
j  java.lang.Thread.runWith(Ljava/lang/Object;Ljava/lang/Runnable;)V+5 java.base@21.0.4
j  java.lang.Thread.run()V+19 java.base@21.0.4
v  ~StubRoutines::call_stub 0x000001a7af541015

siginfo: EXCEPTION_ACCESS_VIOLATION (0xc0000005), reading address 0x0000010101010109


Registers:
RAX=0x0000010101010101, RBX=0x000001a80535e490, RCX=0x0000000000000000, RDX=0x0000000000000000
RSP=0x0000000ebeefe9f0, RBP=0x0000000ebeefeaf9, RSI=0x000000000401119d, RDI=0x0000000000000000
R8 =0x0000000000000001, R9 =0x0000000ebeefeaf9, R10=0x0000000000000000, R11=0x0000000000000246
R12=0x0000000000000000, R13=0x0000000000000310, R14=0x0000000000000000, R15=0x0000000000000000
RIP=0x00007fff11efc001, EFLAGS=0x0000000000010246


Register to memory mapping:

RAX=0x0000010101010101 is an unknown value
RBX=0x000001a80535e490 points into unknown readable memory: 0x000001a7be6e7740 | 40 77 6e be a7 01 00 00
RCX=0x0 is null
RDX=0x0 is null
RSP=0x0000000ebeefe9f0 is pointing into the stack for thread: 0x000001a7be839d00
RBP=0x0000000ebeefeaf9 is pointing into the stack for thread: 0x000001a7be839d00
RSI=0x000000000401119d is an unknown value
RDI=0x0 is null
R8 =0x0000000000000001 is an unknown value
R9 =0x0000000ebeefeaf9 is pointing into the stack for thread: 0x000001a7be839d00
R10=0x0 is null
R11=0x0000000000000246 is an unknown value
R12=0x0 is null
R13=0x0000000000000310 is an unknown value
R14=0x0 is null
R15=0x0 is null

Top of Stack: (sp=0x0000000ebeefe9f0)
0x0000000ebeefe9f0:   00007fff11f5a848 000000000401119d
0x0000000ebeefea00:   0000ab5eace35f5a 000000000000007e
0x0000000ebeefea10:   0000000000000000 00007fff11eb7b1c
0x0000000ebeefea20:   000000000401119d 000001a80527c690
0x0000000ebeefea30:   000001a80535e490 000001a80527c690
0x0000000ebeefea40:   000001a80527c690 00007fff11eb7bc6
0x0000000ebeefea50:   00007fff11e20000 0000000000000000
0x0000000ebeefea60:   0000000000000000 0000000000000000
0x0000000ebeefea70:   000001a80527c690 00007fff11eb4f18
0x0000000ebeefea80:   000001a80527c690 0000000000000000
0x0000000ebeefea90:   0000000000000000 0000000ebeefede0
0x0000000ebeefeaa0:   000000000000c1ac 00007fff7476f1b2
0x0000000ebeefeab0:   0000000000000000 0000000000000020
0x0000000ebeefeac0:   0000000000000000 00007fff61949aaa
0x0000000ebeefead0:   0000000000000000 00007fff765a9877
0x0000000ebeefeae0:   0000000ebeefeba0 000001a7be83a0b8
0x0000000ebeefeaf0:   000001a80527c730 0000000000000000
0x0000000ebeefeb00:   0000000000000000 0000ab5eace35d2a
0x0000000ebeefeb10:   0000000000000001 0000000000000000
0x0000000ebeefeb20:   0000000000000000 0000000000000000
0x0000000ebeefeb30:   0000000000000000 0000000000000310
0x0000000ebeefeb40:   0000000000000000 000001a80527c690
0x0000000ebeefeb50:   000001a80527c690 00007fff11f0120c
0x0000000ebeefeb60:   0000000000000001 0000000000000000
0x0000000ebeefeb70:   0000000000000000 00007fff7476ca9b
0x0000000ebeefeb80:   000000000000c1ac 0000000004380780
0x0000000ebeefeb90:   0000000000000000 0000000000050634
0x0000000ebeefeba0:   000001a79dd55b70 00007fff74770317
0x0000000ebeefebb0:   0000000000000000 00007fff765a9993
0x0000000ebeefebc0:   0000000ebd4d8800 00000000ffffffeb
0x0000000ebeefebd0:   0000000000000000 0000ab5eace35cca
0x0000000ebeefebe0:   0000000ebeefede0 0000000000000000 

Instructions: (pc=0x00007fff11efc001)
0x00007fff11efbf01:   83 ec 28 66 0f 6e c2 0f 5b c0 f3 0f 59 41 48 0f
0x00007fff11efbf11:   5a c8 f2 0f 10 05 85 4d 03 00 f2 0f 5c 0d e5 4c
0x00007fff11efbf21:   01 00 66 0f 2f c1 76 0a b8 00 00 00 80 48 83 c4
0x00007fff11efbf31:   28 c3 66 0f 2f 0d 65 96 02 00 76 0a b8 ff ff ff
0x00007fff11efbf41:   7f 48 83 c4 28 c3 0f 28 c1 e8 e5 0d 01 00 f2 0f
0x00007fff11efbf51:   2c c0 48 83 c4 28 c3 cc cc cc cc cc cc cc cc 48
0x00007fff11efbf61:   83 ec 28 66 0f 6e c2 0f 5b c0 f3 0f 59 41 4c 0f
0x00007fff11efbf71:   5a c8 f2 0f 10 05 25 4d 03 00 f2 0f 5c 0d 85 4c
0x00007fff11efbf81:   01 00 66 0f 2f c1 76 0a b8 00 00 00 80 48 83 c4
0x00007fff11efbf91:   28 c3 66 0f 2f 0d 05 96 02 00 76 0a b8 ff ff ff
0x00007fff11efbfa1:   7f 48 83 c4 28 c3 0f 28 c1 e8 85 0d 01 00 f2 0f
0x00007fff11efbfb1:   2c c0 48 83 c4 28 c3 cc cc cc cc cc cc cc cc 48
0x00007fff11efbfc1:   8b 49 08 48 85 c9 0f 85 c3 7e fe ff 33 c0 c3 48
0x00007fff11efbfd1:   89 5c 24 08 48 89 74 24 10 57 48 83 ec 20 8b fa
0x00007fff11efbfe1:   48 8b f1 e8 67 bd f4 ff 48 8b d8 48 89 44 24 40
0x00007fff11efbff1:   41 b8 01 00 00 00 8b d7 48 8b c8 e8 bf bc f4 ff
0x00007fff11efc001:   48 8b 48 08 48 85 c9 74 0d 48 8b d6 e8 7e 7e fe
0x00007fff11efc011:   ff 48 8b f8 eb 02 33 ff 48 8b cb e8 ef be f4 ff
0x00007fff11efc021:   90 48 8b c7 48 8b 5c 24 30 48 8b 74 24 38 48 83
0x00007fff11efc031:   c4 20 5f c3 cc cc cc cc cc cc cc cc cc cc cc 48
0x00007fff11efc041:   8b 01 89 10 c3 cc cc cc cc cc cc cc cc cc cc 40
0x00007fff11efc051:   57 48 83 ec 40 48 83 79 38 00 48 8b f9 0f 84 96
0x00007fff11efc061:   01 00 00 48 8b 0d 1d ae 06 00 ba 02 00 01 00 48
0x00007fff11efc071:   89 5c 24 58 48 89 74 24 68 e8 59 f6 00 00 4c 8b
0x00007fff11efc081:   05 32 b3 06 00 48 8b c8 48 8b 57 38 48 8b d8 4c
0x00007fff11efc091:   8b 08 41 ff 91 f8 02 00 00 48 8b f0 48 85 c0 0f
0x00007fff11efc0a1:   84 4a 01 00 00 4c 8b 0b 48 8b d0 4c 8b 05 f5 b2
0x00007fff11efc0b1:   06 00 48 8b cb 41 ff 91 00 01 00 00 84 c0 0f 84
0x00007fff11efc0c1:   2b 01 00 00 48 8b 7f 08 48 8b d6 48 8b 03 48 8b
0x00007fff11efc0d1:   cb 4c 8b 05 e7 b2 06 00 48 81 c7 00 04 00 00 48
0x00007fff11efc0e1:   89 6c 24 60 4c 89 7c 24 20 ff 90 f8 02 00 00 4c
0x00007fff11efc0f1:   8b 0b 48 8b d6 4c 8b 05 cb b2 06 00 48 8b cb 4c 


Stack slot to memory mapping:

stack at sp + 0 slots: 0x00007fff11f5a848 awt.dll
stack at sp + 1 slots: 0x000000000401119d is an unknown value
stack at sp + 2 slots: 0x0000ab5eace35f5a is an unknown value
stack at sp + 3 slots: 0x000000000000007e is an unknown value
stack at sp + 4 slots: 0x0 is null
stack at sp + 5 slots: 0x00007fff11eb7b1c awt.dll
stack at sp + 6 slots: 0x000000000401119d is an unknown value
stack at sp + 7 slots: 0x000001a80527c690 points into unknown readable memory: 0x00007fff11f2c8e0 | e0 c8 f2 11 ff 7f 00 00


---------------  P R O C E S S  ---------------

Threads class SMR info:
_java_thread_list=0x000001a8052612f0, length=16, elements={
0x000001a7be3f9020, 0x000001a7be3fdf50, 0x000001a7be401eb0, 0x000001a7be402910,
0x000001a7be403b80, 0x000001a7be404e00, 0x000001a7be419320, 0x000001a7be41c220,
0x000001a7be65cbf0, 0x000001a7be661280, 0x000001a7be82fa80, 0x000001a7be834bc0,
0x000001a7be839d00, 0x000001a7be8be170, 0x000001a79d71b260, 0x000001a805368ba0
}

Java Threads: ( => current thread )
  0x000001a7be3f9020 JavaThread "Reference Handler"          daemon [_thread_blocked, id=1080, stack(0x0000000ebe200000,0x0000000ebe300000) (1024K)]
  0x000001a7be3fdf50 JavaThread "Finalizer"                  daemon [_thread_blocked, id=18316, stack(0x0000000ebe300000,0x0000000ebe400000) (1024K)]
  0x000001a7be401eb0 JavaThread "Signal Dispatcher"          daemon [_thread_blocked, id=16292, stack(0x0000000ebe400000,0x0000000ebe500000) (1024K)]
  0x000001a7be402910 JavaThread "Attach Listener"            daemon [_thread_blocked, id=21468, stack(0x0000000ebe500000,0x0000000ebe600000) (1024K)]
  0x000001a7be403b80 JavaThread "Service Thread"             daemon [_thread_blocked, id=8932, stack(0x0000000ebe600000,0x0000000ebe700000) (1024K)]
  0x000001a7be404e00 JavaThread "Monitor Deflation Thread"   daemon [_thread_blocked, id=20628, stack(0x0000000ebe700000,0x0000000ebe800000) (1024K)]
  0x000001a7be419320 JavaThread "C2 CompilerThread0"         daemon [_thread_blocked, id=684, stack(0x0000000ebe800000,0x0000000ebe900000) (1024K)]
  0x000001a7be41c220 JavaThread "C1 CompilerThread0"         daemon [_thread_blocked, id=21340, stack(0x0000000ebe900000,0x0000000ebea00000) (1024K)]
  0x000001a7be65cbf0 JavaThread "Notification Thread"        daemon [_thread_blocked, id=10416, stack(0x0000000ebea00000,0x0000000ebeb00000) (1024K)]
  0x000001a7be661280 JavaThread "Common-Cleaner"             daemon [_thread_blocked, id=21572, stack(0x0000000ebeb00000,0x0000000ebec00000) (1024K)]
  0x000001a7be82fa80 JavaThread "Java2D Disposer"            daemon [_thread_blocked, id=10160, stack(0x0000000ebec00000,0x0000000ebed00000) (1024K)]
  0x000001a7be834bc0 JavaThread "AWT-Shutdown"                      [_thread_blocked, id=18576, stack(0x0000000ebed00000,0x0000000ebee00000) (1024K)]
=>0x000001a7be839d00 JavaThread "AWT-Windows"                daemon [_thread_in_native, id=19480, stack(0x0000000ebee00000,0x0000000ebef00000) (1024K)]
  0x000001a7be8be170 JavaThread "AWT-EventQueue-0"                  [_thread_blocked, id=9644, stack(0x0000000ebef00000,0x0000000ebf000000) (1024K)]
  0x000001a79d71b260 JavaThread "DestroyJavaVM"                     [_thread_blocked, id=20520, stack(0x0000000ebda00000,0x0000000ebdb00000) (1024K)]
  0x000001a805368ba0 JavaThread "TimerQueue"                 daemon [_thread_blocked, id=4712, stack(0x0000000ebf300000,0x0000000ebf400000) (1024K)]
Total: 16

Other Threads:
  0x000001a7be3d4730 VMThread "VM Thread"                           [id=12132, stack(0x0000000ebe100000,0x0000000ebe200000) (1024K)]
  0x000001a7be3c0050 WatcherThread "VM Periodic Task Thread"        [id=5168, stack(0x0000000ebe000000,0x0000000ebe100000) (1024K)]
  0x000001a79f98fc80 WorkerThread "GC Thread#0"                     [id=1508, stack(0x0000000ebdb00000,0x0000000ebdc00000) (1024K)]
  0x000001a7be591d70 WorkerThread "GC Thread#1"                     [id=12364, stack(0x0000000ebd700000,0x0000000ebd800000) (1024K)]
  0x000001a7be592110 WorkerThread "GC Thread#2"                     [id=16016, stack(0x0000000ebd800000,0x0000000ebd900000) (1024K)]
  0x000001a7be5aaa00 WorkerThread "GC Thread#3"                     [id=7764, stack(0x0000000ebd900000,0x0000000ebda00000) (1024K)]
  0x000001a79f9a0b10 ConcurrentGCThread "G1 Main Marker"            [id=6928, stack(0x0000000ebdc00000,0x0000000ebdd00000) (1024K)]
  0x000001a79f9a1db0 WorkerThread "G1 Conc#0"                       [id=14700, stack(0x0000000ebdd00000,0x0000000ebde00000) (1024K)]
  0x000001a79f9fe6f0 ConcurrentGCThread "G1 Refine#0"               [id=21368, stack(0x0000000ebde00000,0x0000000ebdf00000) (1024K)]
  0x000001a7be28f480 ConcurrentGCThread "G1 Service"                [id=20620, stack(0x0000000ebdf00000,0x0000000ebe000000) (1024K)]
Total: 10

Threads with active compile tasks:
Total: 0

VM state: not at safepoint (normal execution)

VM Mutex/Monitor currently owned by a thread: None

Heap address: 0x0000000703000000, size: 4048 MB, Compressed Oops mode: Zero based, Oop shift amount: 3

CDS archive(s) mapped at: [0x000001a7bf000000-0x000001a7bfc90000-0x000001a7bfc90000), size 13172736, SharedBaseAddress: 0x000001a7bf000000, ArchiveRelocationMode: 1.
Compressed class space mapped at: 0x000001a7c0000000-0x000001a800000000, reserved size: 1073741824
Narrow klass base: 0x000001a7bf000000, Narrow klass shift: 0, Narrow klass range: 0x100000000

GC Precious Log:
 CardTable entry size: 512
 Card Set container configuration: InlinePtr #cards 4 size 8 Array Of Cards #cards 16 size 48 Howl #buckets 8 coarsen threshold 3686 Howl Bitmap #cards 512 size 80 coarsen threshold 460 Card regions per heap region 1 cards per card region 4096
 CPUs: 4 total, 4 available
 Memory: 16189M
 Large Page Support: Disabled
 NUMA Support: Disabled
 Compressed Oops: Enabled (Zero based)
 Heap Region Size: 2M
 Heap Min Capacity: 8M
 Heap Initial Capacity: 254M
 Heap Max Capacity: 4048M
 Pre-touch: Disabled
 Parallel Workers: 4
 Concurrent Workers: 1
 Concurrent Refinement Workers: 4
 Periodic GC: Disabled

Heap:
 garbage-first heap   total 260096K, used 12640K [0x0000000703000000, 0x0000000800000000)
  region size 2048K, 3 young (6144K), 1 survivors (2048K)
 Metaspace       used 10462K, committed 10752K, reserved 1114112K
  class space    used 1165K, committed 1280K, reserved 1048576K

Heap Regions: E=young(eden), S=young(survivor), O=old, HS=humongous(starts), HC=humongous(continues), CS=collection set, F=free, TAMS=top-at-mark-start, PB=parsable bottom
|   0|0x0000000703000000, 0x0000000703200000, 0x0000000703200000|100%|HS|  |TAMS 0x0000000703000000| PB 0x0000000703000000| Complete 
|   1|0x0000000703200000, 0x0000000703400000, 0x0000000703400000|100%|HC|  |TAMS 0x0000000703200000| PB 0x0000000703200000| Complete 
|   2|0x0000000703400000, 0x0000000703600000, 0x0000000703600000|100%|HC|  |TAMS 0x0000000703400000| PB 0x0000000703400000| Complete 
|   3|0x0000000703600000, 0x0000000703800000, 0x0000000703800000|100%|HC|  |TAMS 0x0000000703600000| PB 0x0000000703600000| Complete 
|   4|0x0000000703800000, 0x00000007039f71f8, 0x0000000703a00000| 98%| O|  |TAMS 0x0000000703800000| PB 0x0000000703800000| Untracked 
|   5|0x0000000703a00000, 0x0000000703a00000, 0x0000000703c00000|  0%| F|  |TAMS 0x0000000703a00000| PB 0x0000000703a00000| Untracked 
|   6|0x0000000703c00000, 0x0000000703c00000, 0x0000000703e00000|  0%| F|  |TAMS 0x0000000703c00000| PB 0x0000000703c00000| Untracked 
|   7|0x0000000703e00000, 0x0000000703e00000, 0x0000000704000000|  0%| F|  |TAMS 0x0000000703e00000| PB 0x0000000703e00000| Untracked 
|   8|0x0000000704000000, 0x0000000704000000, 0x0000000704200000|  0%| F|  |TAMS 0x0000000704000000| PB 0x0000000704000000| Untracked 
|   9|0x0000000704200000, 0x0000000704200000, 0x0000000704400000|  0%| F|  |TAMS 0x0000000704200000| PB 0x0000000704200000| Untracked 
|  10|0x0000000704400000, 0x0000000704400000, 0x0000000704600000|  0%| F|  |TAMS 0x0000000704400000| PB 0x0000000704400000| Untracked 
|  11|0x0000000704600000, 0x0000000704600000, 0x0000000704800000|  0%| F|  |TAMS 0x0000000704600000| PB 0x0000000704600000| Untracked 
|  12|0x0000000704800000, 0x0000000704800000, 0x0000000704a00000|  0%| F|  |TAMS 0x0000000704800000| PB 0x0000000704800000| Untracked 
|  13|0x0000000704a00000, 0x0000000704a00000, 0x0000000704c00000|  0%| F|  |TAMS 0x0000000704a00000| PB 0x0000000704a00000| Untracked 
|  14|0x0000000704c00000, 0x0000000704c00000, 0x0000000704e00000|  0%| F|  |TAMS 0x0000000704c00000| PB 0x0000000704c00000| Untracked 
|  15|0x0000000704e00000, 0x0000000704e00000, 0x0000000705000000|  0%| F|  |TAMS 0x0000000704e00000| PB 0x0000000704e00000| Untracked 
|  16|0x0000000705000000, 0x0000000705000000, 0x0000000705200000|  0%| F|  |TAMS 0x0000000705000000| PB 0x0000000705000000| Untracked 
|  17|0x0000000705200000, 0x0000000705200000, 0x0000000705400000|  0%| F|  |TAMS 0x0000000705200000| PB 0x0000000705200000| Untracked 
|  18|0x0000000705400000, 0x0000000705400000, 0x0000000705600000|  0%| F|  |TAMS 0x0000000705400000| PB 0x0000000705400000| Untracked 
|  19|0x0000000705600000, 0x0000000705600000, 0x0000000705800000|  0%| F|  |TAMS 0x0000000705600000| PB 0x0000000705600000| Untracked 
|  20|0x0000000705800000, 0x0000000705800000, 0x0000000705a00000|  0%| F|  |TAMS 0x0000000705800000| PB 0x0000000705800000| Untracked 
|  21|0x0000000705a00000, 0x0000000705a00000, 0x0000000705c00000|  0%| F|  |TAMS 0x0000000705a00000| PB 0x0000000705a00000| Untracked 
|  22|0x0000000705c00000, 0x0000000705c00000, 0x0000000705e00000|  0%| F|  |TAMS 0x0000000705c00000| PB 0x0000000705c00000| Untracked 
|  23|0x0000000705e00000, 0x0000000705e00000, 0x0000000706000000|  0%| F|  |TAMS 0x0000000705e00000| PB 0x0000000705e00000| Untracked 
|  24|0x0000000706000000, 0x0000000706000000, 0x0000000706200000|  0%| F|  |TAMS 0x0000000706000000| PB 0x0000000706000000| Untracked 
|  25|0x0000000706200000, 0x0000000706200000, 0x0000000706400000|  0%| F|  |TAMS 0x0000000706200000| PB 0x0000000706200000| Untracked 
|  26|0x0000000706400000, 0x0000000706400000, 0x0000000706600000|  0%| F|  |TAMS 0x0000000706400000| PB 0x0000000706400000| Untracked 
|  27|0x0000000706600000, 0x0000000706600000, 0x0000000706800000|  0%| F|  |TAMS 0x0000000706600000| PB 0x0000000706600000| Untracked 
|  28|0x0000000706800000, 0x0000000706800000, 0x0000000706a00000|  0%| F|  |TAMS 0x0000000706800000| PB 0x0000000706800000| Untracked 
|  29|0x0000000706a00000, 0x0000000706a00000, 0x0000000706c00000|  0%| F|  |TAMS 0x0000000706a00000| PB 0x0000000706a00000| Untracked 
|  30|0x0000000706c00000, 0x0000000706c00000, 0x0000000706e00000|  0%| F|  |TAMS 0x0000000706c00000| PB 0x0000000706c00000| Untracked 
|  31|0x0000000706e00000, 0x0000000706e00000, 0x0000000707000000|  0%| F|  |TAMS 0x0000000706e00000| PB 0x0000000706e00000| Untracked 
|  32|0x0000000707000000, 0x0000000707000000, 0x0000000707200000|  0%| F|  |TAMS 0x0000000707000000| PB 0x0000000707000000| Untracked 
|  33|0x0000000707200000, 0x0000000707200000, 0x0000000707400000|  0%| F|  |TAMS 0x0000000707200000| PB 0x0000000707200000| Untracked 
|  34|0x0000000707400000, 0x0000000707400000, 0x0000000707600000|  0%| F|  |TAMS 0x0000000707400000| PB 0x0000000707400000| Untracked 
|  35|0x0000000707600000, 0x0000000707600000, 0x0000000707800000|  0%| F|  |TAMS 0x0000000707600000| PB 0x0000000707600000| Untracked 
|  36|0x0000000707800000, 0x0000000707800000, 0x0000000707a00000|  0%| F|  |TAMS 0x0000000707800000| PB 0x0000000707800000| Untracked 
|  37|0x0000000707a00000, 0x0000000707a00000, 0x0000000707c00000|  0%| F|  |TAMS 0x0000000707a00000| PB 0x0000000707a00000| Untracked 
|  38|0x0000000707c00000, 0x0000000707c00000, 0x0000000707e00000|  0%| F|  |TAMS 0x0000000707c00000| PB 0x0000000707c00000| Untracked 
|  39|0x0000000707e00000, 0x0000000707e00000, 0x0000000708000000|  0%| F|  |TAMS 0x0000000707e00000| PB 0x0000000707e00000| Untracked 
|  40|0x0000000708000000, 0x0000000708000000, 0x0000000708200000|  0%| F|  |TAMS 0x0000000708000000| PB 0x0000000708000000| Untracked 
|  41|0x0000000708200000, 0x0000000708200000, 0x0000000708400000|  0%| F|  |TAMS 0x0000000708200000| PB 0x0000000708200000| Untracked 
|  42|0x0000000708400000, 0x0000000708400000, 0x0000000708600000|  0%| F|  |TAMS 0x0000000708400000| PB 0x0000000708400000| Untracked 
|  43|0x0000000708600000, 0x0000000708600000, 0x0000000708800000|  0%| F|  |TAMS 0x0000000708600000| PB 0x0000000708600000| Untracked 
|  44|0x0000000708800000, 0x0000000708800000, 0x0000000708a00000|  0%| F|  |TAMS 0x0000000708800000| PB 0x0000000708800000| Untracked 
|  45|0x0000000708a00000, 0x0000000708a00000, 0x0000000708c00000|  0%| F|  |TAMS 0x0000000708a00000| PB 0x0000000708a00000| Untracked 
|  46|0x0000000708c00000, 0x0000000708c00000, 0x0000000708e00000|  0%| F|  |TAMS 0x0000000708c00000| PB 0x0000000708c00000| Untracked 
|  47|0x0000000708e00000, 0x0000000708e00000, 0x0000000709000000|  0%| F|  |TAMS 0x0000000708e00000| PB 0x0000000708e00000| Untracked 
|  48|0x0000000709000000, 0x0000000709000000, 0x0000000709200000|  0%| F|  |TAMS 0x0000000709000000| PB 0x0000000709000000| Untracked 
|  49|0x0000000709200000, 0x0000000709200000, 0x0000000709400000|  0%| F|  |TAMS 0x0000000709200000| PB 0x0000000709200000| Untracked 
|  50|0x0000000709400000, 0x0000000709400000, 0x0000000709600000|  0%| F|  |TAMS 0x0000000709400000| PB 0x0000000709400000| Untracked 
|  51|0x0000000709600000, 0x0000000709600000, 0x0000000709800000|  0%| F|  |TAMS 0x0000000709600000| PB 0x0000000709600000| Untracked 
|  52|0x0000000709800000, 0x0000000709800000, 0x0000000709a00000|  0%| F|  |TAMS 0x0000000709800000| PB 0x0000000709800000| Untracked 
|  53|0x0000000709a00000, 0x0000000709a00000, 0x0000000709c00000|  0%| F|  |TAMS 0x0000000709a00000| PB 0x0000000709a00000| Untracked 
|  54|0x0000000709c00000, 0x0000000709c00000, 0x0000000709e00000|  0%| F|  |TAMS 0x0000000709c00000| PB 0x0000000709c00000| Untracked 
|  55|0x0000000709e00000, 0x0000000709e00000, 0x000000070a000000|  0%| F|  |TAMS 0x0000000709e00000| PB 0x0000000709e00000| Untracked 
|  56|0x000000070a000000, 0x000000070a000000, 0x000000070a200000|  0%| F|  |TAMS 0x000000070a000000| PB 0x000000070a000000| Untracked 
|  57|0x000000070a200000, 0x000000070a200000, 0x000000070a400000|  0%| F|  |TAMS 0x000000070a200000| PB 0x000000070a200000| Untracked 
|  58|0x000000070a400000, 0x000000070a400000, 0x000000070a600000|  0%| F|  |TAMS 0x000000070a400000| PB 0x000000070a400000| Untracked 
|  59|0x000000070a600000, 0x000000070a600000, 0x000000070a800000|  0%| F|  |TAMS 0x000000070a600000| PB 0x000000070a600000| Untracked 
|  60|0x000000070a800000, 0x000000070a800000, 0x000000070aa00000|  0%| F|  |TAMS 0x000000070a800000| PB 0x000000070a800000| Untracked 
|  61|0x000000070aa00000, 0x000000070aa00000, 0x000000070ac00000|  0%| F|  |TAMS 0x000000070aa00000| PB 0x000000070aa00000| Untracked 
|  62|0x000000070ac00000, 0x000000070ac00000, 0x000000070ae00000|  0%| F|  |TAMS 0x000000070ac00000| PB 0x000000070ac00000| Untracked 
|  63|0x000000070ae00000, 0x000000070ae00000, 0x000000070b000000|  0%| F|  |TAMS 0x000000070ae00000| PB 0x000000070ae00000| Untracked 
|  64|0x000000070b000000, 0x000000070b000000, 0x000000070b200000|  0%| F|  |TAMS 0x000000070b000000| PB 0x000000070b000000| Untracked 
|  65|0x000000070b200000, 0x000000070b200000, 0x000000070b400000|  0%| F|  |TAMS 0x000000070b200000| PB 0x000000070b200000| Untracked 
|  66|0x000000070b400000, 0x000000070b400000, 0x000000070b600000|  0%| F|  |TAMS 0x000000070b400000| PB 0x000000070b400000| Untracked 
|  67|0x000000070b600000, 0x000000070b600000, 0x000000070b800000|  0%| F|  |TAMS 0x000000070b600000| PB 0x000000070b600000| Untracked 
|  68|0x000000070b800000, 0x000000070b800000, 0x000000070ba00000|  0%| F|  |TAMS 0x000000070b800000| PB 0x000000070b800000| Untracked 
|  69|0x000000070ba00000, 0x000000070ba00000, 0x000000070bc00000|  0%| F|  |TAMS 0x000000070ba00000| PB 0x000000070ba00000| Untracked 
|  70|0x000000070bc00000, 0x000000070bc00000, 0x000000070be00000|  0%| F|  |TAMS 0x000000070bc00000| PB 0x000000070bc00000| Untracked 
|  71|0x000000070be00000, 0x000000070be00000, 0x000000070c000000|  0%| F|  |TAMS 0x000000070be00000| PB 0x000000070be00000| Untracked 
|  72|0x000000070c000000, 0x000000070c000000, 0x000000070c200000|  0%| F|  |TAMS 0x000000070c000000| PB 0x000000070c000000| Untracked 
|  73|0x000000070c200000, 0x000000070c200000, 0x000000070c400000|  0%| F|  |TAMS 0x000000070c200000| PB 0x000000070c200000| Untracked 
|  74|0x000000070c400000, 0x000000070c400000, 0x000000070c600000|  0%| F|  |TAMS 0x000000070c400000| PB 0x000000070c400000| Untracked 
|  75|0x000000070c600000, 0x000000070c600000, 0x000000070c800000|  0%| F|  |TAMS 0x000000070c600000| PB 0x000000070c600000| Untracked 
|  76|0x000000070c800000, 0x000000070c800000, 0x000000070ca00000|  0%| F|  |TAMS 0x000000070c800000| PB 0x000000070c800000| Untracked 
|  77|0x000000070ca00000, 0x000000070ca00000, 0x000000070cc00000|  0%| F|  |TAMS 0x000000070ca00000| PB 0x000000070ca00000| Untracked 
|  78|0x000000070cc00000, 0x000000070cc00000, 0x000000070ce00000|  0%| F|  |TAMS 0x000000070cc00000| PB 0x000000070cc00000| Untracked 
|  79|0x000000070ce00000, 0x000000070ce00000, 0x000000070d000000|  0%| F|  |TAMS 0x000000070ce00000| PB 0x000000070ce00000| Untracked 
|  80|0x000000070d000000, 0x000000070d000000, 0x000000070d200000|  0%| F|  |TAMS 0x000000070d000000| PB 0x000000070d000000| Untracked 
|  81|0x000000070d200000, 0x000000070d200000, 0x000000070d400000|  0%| F|  |TAMS 0x000000070d200000| PB 0x000000070d200000| Untracked 
|  82|0x000000070d400000, 0x000000070d400000, 0x000000070d600000|  0%| F|  |TAMS 0x000000070d400000| PB 0x000000070d400000| Untracked 
|  83|0x000000070d600000, 0x000000070d600000, 0x000000070d800000|  0%| F|  |TAMS 0x000000070d600000| PB 0x000000070d600000| Untracked 
|  84|0x000000070d800000, 0x000000070d800000, 0x000000070da00000|  0%| F|  |TAMS 0x000000070d800000| PB 0x000000070d800000| Untracked 
|  85|0x000000070da00000, 0x000000070da00000, 0x000000070dc00000|  0%| F|  |TAMS 0x000000070da00000| PB 0x000000070da00000| Untracked 
|  86|0x000000070dc00000, 0x000000070dc00000, 0x000000070de00000|  0%| F|  |TAMS 0x000000070dc00000| PB 0x000000070dc00000| Untracked 
|  87|0x000000070de00000, 0x000000070de00000, 0x000000070e000000|  0%| F|  |TAMS 0x000000070de00000| PB 0x000000070de00000| Untracked 
|  88|0x000000070e000000, 0x000000070e000000, 0x000000070e200000|  0%| F|  |TAMS 0x000000070e000000| PB 0x000000070e000000| Untracked 
|  89|0x000000070e200000, 0x000000070e200000, 0x000000070e400000|  0%| F|  |TAMS 0x000000070e200000| PB 0x000000070e200000| Untracked 
|  90|0x000000070e400000, 0x000000070e400000, 0x000000070e600000|  0%| F|  |TAMS 0x000000070e400000| PB 0x000000070e400000| Untracked 
|  91|0x000000070e600000, 0x000000070e600000, 0x000000070e800000|  0%| F|  |TAMS 0x000000070e600000| PB 0x000000070e600000| Untracked 
|  92|0x000000070e800000, 0x000000070e800000, 0x000000070ea00000|  0%| F|  |TAMS 0x000000070e800000| PB 0x000000070e800000| Untracked 
|  93|0x000000070ea00000, 0x000000070ea00000, 0x000000070ec00000|  0%| F|  |TAMS 0x000000070ea00000| PB 0x000000070ea00000| Untracked 
|  94|0x000000070ec00000, 0x000000070ec00000, 0x000000070ee00000|  0%| F|  |TAMS 0x000000070ec00000| PB 0x000000070ec00000| Untracked 
|  95|0x000000070ee00000, 0x000000070ee00000, 0x000000070f000000|  0%| F|  |TAMS 0x000000070ee00000| PB 0x000000070ee00000| Untracked 
|  96|0x000000070f000000, 0x000000070f000000, 0x000000070f200000|  0%| F|  |TAMS 0x000000070f000000| PB 0x000000070f000000| Untracked 
|  97|0x000000070f200000, 0x000000070f200000, 0x000000070f400000|  0%| F|  |TAMS 0x000000070f200000| PB 0x000000070f200000| Untracked 
|  98|0x000000070f400000, 0x000000070f400000, 0x000000070f600000|  0%| F|  |TAMS 0x000000070f400000| PB 0x000000070f400000| Untracked 
|  99|0x000000070f600000, 0x000000070f600000, 0x000000070f800000|  0%| F|  |TAMS 0x000000070f600000| PB 0x000000070f600000| Untracked 
| 100|0x000000070f800000, 0x000000070f800000, 0x000000070fa00000|  0%| F|  |TAMS 0x000000070f800000| PB 0x000000070f800000| Untracked 
| 101|0x000000070fa00000, 0x000000070fa00000, 0x000000070fc00000|  0%| F|  |TAMS 0x000000070fa00000| PB 0x000000070fa00000| Untracked 
| 102|0x000000070fc00000, 0x000000070fc00000, 0x000000070fe00000|  0%| F|  |TAMS 0x000000070fc00000| PB 0x000000070fc00000| Untracked 
| 103|0x000000070fe00000, 0x000000070fe00000, 0x0000000710000000|  0%| F|  |TAMS 0x000000070fe00000| PB 0x000000070fe00000| Untracked 
| 104|0x0000000710000000, 0x0000000710000000, 0x0000000710200000|  0%| F|  |TAMS 0x0000000710000000| PB 0x0000000710000000| Untracked 
| 105|0x0000000710200000, 0x0000000710200000, 0x0000000710400000|  0%| F|  |TAMS 0x0000000710200000| PB 0x0000000710200000| Untracked 
| 106|0x0000000710400000, 0x0000000710400000, 0x0000000710600000|  0%| F|  |TAMS 0x0000000710400000| PB 0x0000000710400000| Untracked 
| 107|0x0000000710600000, 0x0000000710600000, 0x0000000710800000|  0%| F|  |TAMS 0x0000000710600000| PB 0x0000000710600000| Untracked 
| 108|0x0000000710800000, 0x0000000710800000, 0x0000000710a00000|  0%| F|  |TAMS 0x0000000710800000| PB 0x0000000710800000| Untracked 
| 109|0x0000000710a00000, 0x0000000710a00000, 0x0000000710c00000|  0%| F|  |TAMS 0x0000000710a00000| PB 0x0000000710a00000| Untracked 
| 110|0x0000000710c00000, 0x0000000710c00000, 0x0000000710e00000|  0%| F|  |TAMS 0x0000000710c00000| PB 0x0000000710c00000| Untracked 
| 111|0x0000000710e00000, 0x0000000710e00000, 0x0000000711000000|  0%| F|  |TAMS 0x0000000710e00000| PB 0x0000000710e00000| Untracked 
| 112|0x0000000711000000, 0x0000000711000000, 0x0000000711200000|  0%| F|  |TAMS 0x0000000711000000| PB 0x0000000711000000| Untracked 
| 113|0x0000000711200000, 0x0000000711200000, 0x0000000711400000|  0%| F|  |TAMS 0x0000000711200000| PB 0x0000000711200000| Untracked 
| 114|0x0000000711400000, 0x0000000711400000, 0x0000000711600000|  0%| F|  |TAMS 0x0000000711400000| PB 0x0000000711400000| Untracked 
| 115|0x0000000711600000, 0x0000000711600000, 0x0000000711800000|  0%| F|  |TAMS 0x0000000711600000| PB 0x0000000711600000| Untracked 
| 116|0x0000000711800000, 0x0000000711800000, 0x0000000711a00000|  0%| F|  |TAMS 0x0000000711800000| PB 0x0000000711800000| Untracked 
| 117|0x0000000711a00000, 0x0000000711a00000, 0x0000000711c00000|  0%| F|  |TAMS 0x0000000711a00000| PB 0x0000000711a00000| Untracked 
| 118|0x0000000711c00000, 0x0000000711c61000, 0x0000000711e00000| 18%| S|CS|TAMS 0x0000000711c00000| PB 0x0000000711c00000| Complete 
| 119|0x0000000711e00000, 0x0000000711e00000, 0x0000000712000000|  0%| F|  |TAMS 0x0000000711e00000| PB 0x0000000711e00000| Untracked 
| 120|0x0000000712000000, 0x0000000712000000, 0x0000000712200000|  0%| F|  |TAMS 0x0000000712000000| PB 0x0000000712000000| Untracked 
| 121|0x0000000712200000, 0x0000000712200000, 0x0000000712400000|  0%| F|  |TAMS 0x0000000712200000| PB 0x0000000712200000| Untracked 
| 122|0x0000000712400000, 0x0000000712400000, 0x0000000712600000|  0%| F|  |TAMS 0x0000000712400000| PB 0x0000000712400000| Untracked 
| 123|0x0000000712600000, 0x0000000712600000, 0x0000000712800000|  0%| F|  |TAMS 0x0000000712600000| PB 0x0000000712600000| Untracked 
| 124|0x0000000712800000, 0x0000000712800000, 0x0000000712a00000|  0%| F|  |TAMS 0x0000000712800000| PB 0x0000000712800000| Untracked 
| 125|0x0000000712a00000, 0x0000000712a76098, 0x0000000712c00000| 23%| E|  |TAMS 0x0000000712a00000| PB 0x0000000712a00000| Complete 
| 126|0x0000000712c00000, 0x0000000712e00000, 0x0000000712e00000|100%| E|CS|TAMS 0x0000000712c00000| PB 0x0000000712c00000| Complete 

Card table byte_map: [0x000001a7b7800000,0x000001a7b7ff0000] _byte_map_base: 0x000001a7b3fe8000

Marking Bits: (CMBitMap*) 0x000001a79f990380
 Bits: [0x000001a7b7ff0000, 0x000001a7bbf30000)

Polling page: 0x000001a79f100000

Metaspace:

Usage:
  Non-class:      9.08 MB used.
      Class:      1.14 MB used.
       Both:     10.22 MB used.

Virtual space:
  Non-class space:       64.00 MB reserved,       9.25 MB ( 14%) committed,  1 nodes.
      Class space:        1.00 GB reserved,       1.25 MB ( <1%) committed,  1 nodes.
             Both:        1.06 GB reserved,      10.50 MB ( <1%) committed. 

Chunk freelists:
   Non-Class:  6.43 MB
       Class:  14.71 MB
        Both:  21.14 MB

MaxMetaspaceSize: unlimited
CompressedClassSpaceSize: 1.00 GB
Initial GC threshold: 21.00 MB
Current GC threshold: 21.00 MB
CDS: on
 - commit_granule_bytes: 65536.
 - commit_granule_words: 8192.
 - virtual_space_node_default_size: 8388608.
 - enlarge_chunks_in_place: 1.
 - use_allocation_guard: 0.


Internal statistics:

num_allocs_failed_limit: 0.
num_arena_births: 212.
num_arena_deaths: 0.
num_vsnodes_births: 2.
num_vsnodes_deaths: 0.
num_space_committed: 168.
num_space_uncommitted: 0.
num_chunks_returned_to_freelist: 0.
num_chunks_taken_from_freelist: 278.
num_chunk_merges: 0.
num_chunk_splits: 165.
num_chunks_enlarged: 73.
num_inconsistent_stats: 0.

CodeHeap 'non-profiled nmethods': size=120000Kb used=1190Kb max_used=1190Kb free=118809Kb
 bounds [0x000001a7afae0000, 0x000001a7afd50000, 0x000001a7b7010000]
CodeHeap 'profiled nmethods': size=120000Kb used=3570Kb max_used=3570Kb free=116429Kb
 bounds [0x000001a7a8010000, 0x000001a7a8390000, 0x000001a7af540000]
CodeHeap 'non-nmethods': size=5760Kb used=1563Kb max_used=1602Kb free=4197Kb
 bounds [0x000001a7af540000, 0x000001a7af7b0000, 0x000001a7afae0000]
 total_blobs=2614 nmethods=1993 adapters=526
 compilation: enabled
              stopped_count=0, restarted_count=0
 full_count=0

Compilation events (20 events):
Event: 312.115 Thread 0x000001a7be419320 1984   !   4       java.awt.DefaultKeyboardFocusManager::dispatchEvent (1625 bytes)
Event: 312.258 Thread 0x000001a7be419320 nmethod 1984 0x000001a7afbfec90 code [0x000001a7afbff840, 0x000001a7afc05640]
Event: 376.261 Thread 0x000001a7be41c220 1985       3       java.util.WeakHashMap::maskNull (12 bytes)
Event: 376.262 Thread 0x000001a7be41c220 nmethod 1985 0x000001a7a8388d10 code [0x000001a7a8388ea0, 0x000001a7a8388fe0]
Event: 376.262 Thread 0x000001a7be41c220 1986       3       java.util.WeakHashMap::hash (28 bytes)
Event: 376.263 Thread 0x000001a7be41c220 nmethod 1986 0x000001a7a8389090 code [0x000001a7a8389240, 0x000001a7a8389438]
Event: 400.972 Thread 0x000001a7be419320 1987       4       java.util.concurrent.locks.LockSupport::setBlocker (12 bytes)
Event: 400.977 Thread 0x000001a7be419320 nmethod 1987 0x000001a7afc09690 code [0x000001a7afc09800, 0x000001a7afc09940]
Event: 1301.076 Thread 0x000001a7be41c220 1988   !   3       jdk.internal.ref.PhantomCleanable::isListEmpty (34 bytes)
Event: 1301.076 Thread 0x000001a7be41c220 nmethod 1988 0x000001a7a8389510 code [0x000001a7a83896c0, 0x000001a7a8389928]
Event: 1301.076 Thread 0x000001a7be41c220 1989       3       jdk.internal.misc.InnocuousThread::eraseThreadLocals (23 bytes)
Event: 1301.076 Thread 0x000001a7be41c220 nmethod 1989 0x000001a7a8389a90 code [0x000001a7a8389c20, 0x000001a7a8389e20]
Event: 1301.076 Thread 0x000001a7be41c220 1990   !   3       java.lang.ref.ReferenceQueue::remove (61 bytes)
Event: 1301.077 Thread 0x000001a7be41c220 nmethod 1990 0x000001a7a8389e90 code [0x000001a7a838a100, 0x000001a7a838acd8]
Event: 2174.536 Thread 0x000001a7be41c220 1991       3       java.awt.Component::updateGraphicsData (34 bytes)
Event: 2174.537 Thread 0x000001a7be41c220 nmethod 1991 0x000001a7a838b090 code [0x000001a7a838b260, 0x000001a7a838b5b8]
Event: 2174.537 Thread 0x000001a7be41c220 1993       3       java.awt.Container::updateChildGraphicsData (55 bytes)
Event: 2174.537 Thread 0x000001a7be41c220 nmethod 1993 0x000001a7a838b690 code [0x000001a7a838b8c0, 0x000001a7a838c070]
Event: 2174.537 Thread 0x000001a7be41c220 1992       3       java.awt.Component::updateSelfGraphicsData (38 bytes)
Event: 2174.538 Thread 0x000001a7be41c220 nmethod 1992 0x000001a7a838c310 code [0x000001a7a838c500, 0x000001a7a838ca28]

GC Heap History (4 events):
Event: 123.752 GC heap before
{Heap before GC invocations=0 (full 0):
 garbage-first heap   total 260096K, used 20480K [0x0000000703000000, 0x0000000800000000)
  region size 2048K, 6 young (12288K), 0 survivors (0K)
 Metaspace       used 10221K, committed 10496K, reserved 1114112K
  class space    used 1129K, committed 1280K, reserved 1048576K
}
Event: 123.759 GC heap after
{Heap after GC invocations=1 (full 0):
 garbage-first heap   total 260096K, used 10256K [0x0000000703000000, 0x0000000800000000)
  region size 2048K, 1 young (2048K), 1 survivors (2048K)
 Metaspace       used 10221K, committed 10496K, reserved 1114112K
  class space    used 1129K, committed 1280K, reserved 1048576K
}
Event: 220.896 GC heap before
{Heap before GC invocations=1 (full 0):
 garbage-first heap   total 260096K, used 24592K [0x0000000703000000, 0x0000000800000000)
  region size 2048K, 8 young (16384K), 1 survivors (2048K)
 Metaspace       used 10443K, committed 10752K, reserved 1114112K
  class space    used 1163K, committed 1280K, reserved 1048576K
}
Event: 220.939 GC heap after
{Heap after GC invocations=2 (full 0):
 garbage-first heap   total 260096K, used 10592K [0x0000000703000000, 0x0000000800000000)
  region size 2048K, 1 young (2048K), 1 survivors (2048K)
 Metaspace       used 10443K, committed 10752K, reserved 1114112K
  class space    used 1163K, committed 1280K, reserved 1048576K
}

Dll operation events (8 events):
Event: 0.008 Loaded shared library D:\java\java for vs\bin\java.dll
Event: 0.050 Loaded shared library D:\java\java for vs\bin\jsvml.dll
Event: 0.108 Loaded shared library D:\java\java for vs\bin\jimage.dll
Event: 0.129 Loaded shared library D:\java\java for vs\bin\awt.dll
Event: 0.405 Loaded shared library D:\java\java for vs\bin\freetype.dll
Event: 0.406 Loaded shared library D:\java\java for vs\bin\fontmanager.dll
Event: 0.462 Loaded shared library D:\java\java for vs\bin\net.dll
Event: 0.464 Loaded shared library D:\java\java for vs\bin\nio.dll

Deoptimization events (20 events):
Event: 194.548 Thread 0x000001a7be8be170 DEOPT PACKING pc=0x000001a7a834750f sp=0x0000000ebeffc4e0
Event: 194.548 Thread 0x000001a7be8be170 DEOPT UNPACKING pc=0x000001a7af594e23 sp=0x0000000ebeffb950 mode 0
Event: 194.550 Thread 0x000001a7be8be170 DEOPT PACKING pc=0x000001a7a834750f sp=0x0000000ebeffc4e0
Event: 194.550 Thread 0x000001a7be8be170 DEOPT UNPACKING pc=0x000001a7af594e23 sp=0x0000000ebeffb950 mode 0
Event: 196.590 Thread 0x000001a7be8be170 Uncommon trap: trap_request=0xffffff45 fr.pc=0x000001a7afbb3c38 relative=0x00000000000000f8
Event: 196.590 Thread 0x000001a7be8be170 Uncommon trap: reason=unstable_if action=reinterpret pc=0x000001a7afbb3c38 method=java.awt.geom.AffineTransform.scale(DD)V @ 8 c2
Event: 196.590 Thread 0x000001a7be8be170 DEOPT PACKING pc=0x000001a7afbb3c38 sp=0x0000000ebeffe5c0
Event: 196.590 Thread 0x000001a7be8be170 DEOPT UNPACKING pc=0x000001a7af59469c sp=0x0000000ebeffe540 mode 2
Event: 196.590 Thread 0x000001a7be8be170 Uncommon trap: trap_request=0xffffff45 fr.pc=0x000001a7afba8e14 relative=0x0000000000000074
Event: 196.590 Thread 0x000001a7be8be170 Uncommon trap: reason=unstable_if action=reinterpret pc=0x000001a7afba8e14 method=java.awt.geom.AffineTransform.concatenate(Ljava/awt/geom/AffineTransform;)V @ 19 c2
Event: 196.590 Thread 0x000001a7be8be170 DEOPT PACKING pc=0x000001a7afba8e14 sp=0x0000000ebeffe540
Event: 196.590 Thread 0x000001a7be8be170 DEOPT UNPACKING pc=0x000001a7af59469c sp=0x0000000ebeffe470 mode 2
Event: 299.297 Thread 0x000001a7be8be170 Uncommon trap: trap_request=0xfffffff4 fr.pc=0x000001a7afbf3cf0 relative=0x0000000000004910
Event: 299.297 Thread 0x000001a7be8be170 Uncommon trap: reason=null_check action=make_not_entrant pc=0x000001a7afbf3cf0 method=java.awt.DefaultKeyboardFocusManager.dispatchEvent(Ljava/awt/AWTEvent;)Z @ 511 c2
Event: 299.297 Thread 0x000001a7be8be170 DEOPT PACKING pc=0x000001a7afbf3cf0 sp=0x0000000ebeffeae0
Event: 299.297 Thread 0x000001a7be8be170 DEOPT UNPACKING pc=0x000001a7af59469c sp=0x0000000ebeffeab0 mode 2
Event: 387.646 Thread 0x000001a7be839d00 Uncommon trap: trap_request=0xffffff45 fr.pc=0x000001a7afbe299c relative=0x00000000000002bc
Event: 387.646 Thread 0x000001a7be839d00 Uncommon trap: reason=unstable_if action=reinterpret pc=0x000001a7afbe299c method=sun.awt.windows.WWindowPeer.preprocessPostEvent(Ljava/awt/AWTEvent;)V @ 4 c2
Event: 387.646 Thread 0x000001a7be839d00 DEOPT PACKING pc=0x000001a7afbe299c sp=0x0000000ebeefb600
Event: 387.647 Thread 0x000001a7be839d00 DEOPT UNPACKING pc=0x000001a7af59469c sp=0x0000000ebeefb560 mode 2

Classes loaded (20 events):
Event: 136.369 Loading class java/awt/WaitDispatchSupport$1
Event: 136.369 Loading class java/awt/WaitDispatchSupport$1 done
Event: 136.370 Loading class java/awt/WaitDispatchSupport$2
Event: 136.370 Loading class java/awt/WaitDispatchSupport$2 done
Event: 136.370 Loading class java/awt/WaitDispatchSupport$4
Event: 136.370 Loading class java/awt/WaitDispatchSupport$4 done
Event: 138.107 Loading class java/awt/Window$1DisposeAction
Event: 138.107 Loading class java/awt/Window$1DisposeAction done
Event: 138.108 Loading class java/awt/KeyboardFocusManager$2
Event: 138.108 Loading class java/awt/KeyboardFocusManager$2 done
Event: 138.108 Loading class sun/awt/SunToolkit$1
Event: 138.108 Loading class sun/awt/SunToolkit$1 done
Event: 176.237 Loading class java/lang/foreign/MemorySegment
Event: 176.238 Loading class java/lang/foreign/MemorySegment done
Event: 2174.427 Loading class java/util/WeakHashMap$KeyIterator
Event: 2174.428 Loading class java/util/WeakHashMap$HashIterator
Event: 2174.428 Loading class java/util/WeakHashMap$HashIterator done
Event: 2174.428 Loading class java/util/WeakHashMap$KeyIterator done
Event: 2174.430 Loading class javax/swing/RepaintManager$DisplayChangedRunnable
Event: 2174.430 Loading class javax/swing/RepaintManager$DisplayChangedRunnable done

Classes unloaded (0 events):
No events

Classes redefined (0 events):
No events

Internal exceptions (20 events):
Event: 0.116 Thread 0x000001a79d71b260 Exception <a 'java/lang/ClassNotFoundException'{0x0000000712dc1e48}: sun/awt/resources/spi/awtProvider> (0x0000000712dc1e48) 
thrown [s\src\hotspot\share\classfile\systemDictionary.cpp, line 312]
Event: 0.145 Thread 0x000001a79d71b260 Exception <a 'java/io/FileNotFoundException'{0x0000000712a1df68}> (0x0000000712a1df68) 
thrown [s\src\hotspot\share\prims\jni.cpp, line 520]
Event: 0.153 Thread 0x000001a79d71b260 Exception <a 'java/io/FileNotFoundException'{0x0000000712a48e08}> (0x0000000712a48e08) 
thrown [s\src\hotspot\share\prims\jni.cpp, line 520]
Event: 0.235 Thread 0x000001a79d71b260 Exception <a 'java/lang/NoSuchMethodError'{0x0000000712b22220}: 'void java.lang.invoke.DirectMethodHandle$Holder.invokeSpecial(java.lang.Object, java.lang.Object, java.lang.Object)'> (0x0000000712b22220) 
thrown [s\src\hotspot\share\interpreter\linkResolver.cpp, line 773]
Event: 0.244 Thread 0x000001a79d71b260 Exception <a 'java/lang/NoSuchMethodError'{0x0000000712b85fc8}: 'java.lang.Object java.lang.invoke.DirectMethodHandle$Holder.newInvokeSpecial(java.lang.Object, java.lang.Object, java.lang.Object, java.lang.Object, java.lang.Object)'> (0x0000000712b85fc8) 
thrown [s\src\hotspot\share\interpreter\linkResolver.cpp, line 773]
Event: 0.251 Thread 0x000001a79d71b260 Exception <a 'java/lang/NoSuchMethodError'{0x0000000712bb2d18}: 'java.lang.Object java.lang.invoke.DirectMethodHandle$Holder.invokeStatic(java.lang.Object, int, java.lang.Object)'> (0x0000000712bb2d18) 
thrown [s\src\hotspot\share\interpreter\linkResolver.cpp, line 773]
Event: 0.276 Thread 0x000001a79d71b260 Exception <a 'java/lang/ClassNotFoundException'{0x00000007128551f8}: com/sun/swing/internal/plaf/metal/resources/spi/metalProvider> (0x00000007128551f8) 
thrown [s\src\hotspot\share\classfile\systemDictionary.cpp, line 312]
Event: 0.277 Thread 0x000001a79d71b260 Exception <a 'java/lang/ClassNotFoundException'{0x00000007128591d8}: com/sun/swing/internal/plaf/basic/resources/spi/basicProvider> (0x00000007128591d8) 
thrown [s\src\hotspot\share\classfile\systemDictionary.cpp, line 312]
Event: 0.287 Thread 0x000001a79d71b260 Exception <a 'java/lang/NoSuchMethodError'{0x0000000712878dd0}: 'int java.lang.invoke.Invokers$Holder.invokeExact_MT(java.lang.Object, java.lang.Object)'> (0x0000000712878dd0) 
thrown [s\src\hotspot\share\interpreter\linkResolver.cpp, line 773]
Event: 0.318 Thread 0x000001a79d71b260 Exception <a 'java/lang/NoSuchMethodError'{0x0000000712894ba0}: 'void java.lang.invoke.DirectMethodHandle$Holder.invokeStatic(java.lang.Object, java.lang.Object, java.lang.Object)'> (0x0000000712894ba0) 
thrown [s\src\hotspot\share\interpreter\linkResolver.cpp, line 773]
Event: 0.319 Thread 0x000001a79d71b260 Exception <a 'java/lang/NoSuchMethodError'{0x000000071289a0a0}: 'void java.lang.invoke.DirectMethodHandle$Holder.invokeStatic(java.lang.Object, java.lang.Object)'> (0x000000071289a0a0) 
thrown [s\src\hotspot\share\interpreter\linkResolver.cpp, line 773]
Event: 0.374 Thread 0x000001a79d71b260 Exception <a 'java/lang/NoSuchMethodError'{0x000000071293a390}: 'void java.lang.invoke.DirectMethodHandle$Holder.invokeSpecial(java.lang.Object, java.lang.Object, java.lang.Object, java.lang.Object, java.lang.Object, java.lang.Object)'> (0x000000071293a390) 
thrown [s\src\hotspot\share\interpreter\linkResolver.cpp, line 773]
Event: 0.376 Thread 0x000001a79d71b260 Exception <a 'java/lang/NoSuchMethodError'{0x000000071294ad50}: 'java.lang.Object java.lang.invoke.DirectMethodHandle$Holder.newInvokeSpecial(java.lang.Object, java.lang.Object, java.lang.Object, java.lang.Object, java.lang.Object, java.lang.Object, java.lang.Object, java.lang.Object)'> (0x000000071294ad50) 
thrown [s\src\hotspot\share\interpreter\linkResolver.cpp, line 773]
Event: 0.386 Thread 0x000001a7be839d00 Exception <a 'java/lang/NoSuchMethodError'{0x0000000712b42808}: 'void java.lang.invoke.DirectMethodHandle$Holder.invokeVirtual(java.lang.Object, java.lang.Object)'> (0x0000000712b42808) 
thrown [s\src\hotspot\share\interpreter\linkResolver.cpp, line 773]
Event: 0.400 Thread 0x000001a79d71b260 Exception <a 'java/lang/NoSuchMethodError'{0x0000000712973360}: 'void java.lang.invoke.DirectMethodHandle$Holder.invokeStaticInit(java.lang.Object)'> (0x0000000712973360) 
thrown [s\src\hotspot\share\interpreter\linkResolver.cpp, line 773]
Event: 136.366 Thread 0x000001a7be8be170 Exception <a 'java/lang/NoSuchMethodError'{0x0000000712acd198}: 'int java.lang.invoke.DirectMethodHandle$Holder.invokeStatic(java.lang.Object)'> (0x0000000712acd198) 
thrown [s\src\hotspot\share\interpreter\linkResolver.cpp, line 773]
Event: 136.371 Thread 0x000001a7be8be170 Implicit null exception at 0x000001a7afb643d5 to 0x000001a7afb66484
Event: 136.371 Thread 0x000001a7be8be170 Implicit null exception at 0x000001a7afb3c82c to 0x000001a7afb3caae
Event: 138.108 Thread 0x000001a7be8be170 Implicit null exception at 0x000001a7afb526b9 to 0x000001a7afb52c0e
Event: 299.297 Thread 0x000001a7be8be170 Implicit null exception at 0x000001a7afbf1996 to 0x000001a7afbf3ce4

ZGC Phase Switch (0 events):
No events

VM Operations (20 events):
Event: 221.950 Executing VM operation: Cleanup
Event: 221.950 Executing VM operation: Cleanup done
Event: 240.739 Executing VM operation: HandshakeAllThreads (HandshakeForDeflation)
Event: 240.740 Executing VM operation: HandshakeAllThreads (HandshakeForDeflation) done
Event: 240.740 Executing VM operation: RendezvousGCThreads
Event: 240.740 Executing VM operation: RendezvousGCThreads done
Event: 241.743 Executing VM operation: Cleanup
Event: 241.743 Executing VM operation: Cleanup done
Event: 265.937 Executing VM operation: Cleanup
Event: 265.937 Executing VM operation: Cleanup done
Event: 308.265 Executing VM operation: Cleanup
Event: 308.265 Executing VM operation: Cleanup done
Event: 313.296 Executing VM operation: Cleanup
Event: 313.296 Executing VM operation: Cleanup done
Event: 376.708 Executing VM operation: Cleanup
Event: 376.708 Executing VM operation: Cleanup done
Event: 387.786 Executing VM operation: Cleanup
Event: 387.786 Executing VM operation: Cleanup done
Event: 2175.083 Executing VM operation: Cleanup
Event: 2175.083 Executing VM operation: Cleanup done

Memory protections (0 events):
No events

Nmethod flushes (0 events):
No events

Events (20 events):
Event: 0.028 Thread 0x000001a79d71b260 Thread added: 0x000001a79d71b260
Event: 0.048 Thread 0x000001a79d71b260 Thread added: 0x000001a7be3f9020
Event: 0.048 Thread 0x000001a79d71b260 Thread added: 0x000001a7be3fdf50
Event: 0.048 Thread 0x000001a79d71b260 Thread added: 0x000001a7be401eb0
Event: 0.048 Thread 0x000001a79d71b260 Thread added: 0x000001a7be402910
Event: 0.048 Thread 0x000001a79d71b260 Thread added: 0x000001a7be403b80
Event: 0.048 Thread 0x000001a79d71b260 Thread added: 0x000001a7be404e00
Event: 0.048 Thread 0x000001a79d71b260 Thread added: 0x000001a7be419320
Event: 0.048 Thread 0x000001a79d71b260 Thread added: 0x000001a7be41c220
Event: 0.074 Thread 0x000001a79d71b260 Thread added: 0x000001a7be65cbf0
Event: 0.079 Thread 0x000001a79d71b260 Thread added: 0x000001a7be661280
Event: 0.203 Thread 0x000001a79d71b260 Thread added: 0x000001a7be82fa80
Event: 0.204 Thread 0x000001a79d71b260 Thread added: 0x000001a7be834bc0
Event: 0.206 Thread 0x000001a79d71b260 Thread added: 0x000001a7be839d00
Event: 0.363 Thread 0x000001a79d71b260 Thread added: 0x000001a7be8be170
Event: 0.620 Thread 0x000001a79d71b260 Thread exited: 0x000001a79d71b260
Event: 0.620 Thread 0x000001a79d71b260 Thread added: 0x000001a79d71b260
Event: 0.684 Thread 0x000001a7be8be170 Thread added: 0x000001a805368ba0
Event: 136.355 Thread 0x000001a7be41c220 Thread added: 0x000001a7be5b9a90
Event: 137.440 Thread 0x000001a7be5b9a90 Thread exited: 0x000001a7be5b9a90


Dynamic libraries:
0x00007ff6cca90000 - 0x00007ff6cca9e000 	D:\java\java for vs\bin\java.exe
0x00007fff76590000 - 0x00007fff76788000 	C:\Windows\SYSTEM32\ntdll.dll
0x00007fff74ed0000 - 0x00007fff74f92000 	C:\Windows\System32\KERNEL32.DLL
0x00007fff73e50000 - 0x00007fff7414e000 	C:\Windows\System32\KERNELBASE.dll
0x00007fff73c30000 - 0x00007fff73d30000 	C:\Windows\System32\ucrtbase.dll
0x00007fff4a6f0000 - 0x00007fff4a70b000 	D:\java\java for vs\bin\VCRUNTIME140.dll
0x00007fff4a6d0000 - 0x00007fff4a6e8000 	D:\java\java for vs\bin\jli.dll
0x00007fff74760000 - 0x00007fff748fd000 	C:\Windows\System32\USER32.dll
0x00007fff618c0000 - 0x00007fff61b5a000 	C:\Windows\WinSxS\amd64_microsoft.windows.common-controls_6595b64144ccf1df_6.0.19041.4355_none_60b8b9eb71f62e16\COMCTL32.dll
0x00007fff74200000 - 0x00007fff74222000 	C:\Windows\System32\win32u.dll
0x00007fff74900000 - 0x00007fff7499e000 	C:\Windows\System32\msvcrt.dll
0x00007fff74d10000 - 0x00007fff74d3b000 	C:\Windows\System32\GDI32.dll
0x00007fff73d30000 - 0x00007fff73e47000 	C:\Windows\System32\gdi32full.dll
0x00007fff74490000 - 0x00007fff7452d000 	C:\Windows\System32\msvcp_win.dll
0x00007fff74610000 - 0x00007fff7463f000 	C:\Windows\System32\IMM32.DLL
0x00007fff60ce0000 - 0x00007fff60cec000 	D:\java\java for vs\bin\vcruntime140_1.dll
0x00007fff3bab0000 - 0x00007fff3bb3e000 	D:\java\java for vs\bin\msvcp140.dll
0x00007fff09290000 - 0x00007fff0a018000 	D:\java\java for vs\bin\server\jvm.dll
0x00007fff74d40000 - 0x00007fff74df2000 	C:\Windows\System32\ADVAPI32.dll
0x00007fff75f90000 - 0x00007fff76030000 	C:\Windows\System32\sechost.dll
0x00007fff74fb0000 - 0x00007fff750d3000 	C:\Windows\System32\RPCRT4.dll
0x00007fff74530000 - 0x00007fff74557000 	C:\Windows\System32\bcrypt.dll
0x00007fff74e60000 - 0x00007fff74ecb000 	C:\Windows\System32\WS2_32.dll
0x00007fff73640000 - 0x00007fff7368b000 	C:\Windows\SYSTEM32\POWRPROF.dll
0x00007fff5ce80000 - 0x00007fff5cea7000 	C:\Windows\SYSTEM32\WINMM.dll
0x00007fff6c4c0000 - 0x00007fff6c4ca000 	C:\Windows\SYSTEM32\VERSION.dll
0x00007fff735f0000 - 0x00007fff73602000 	C:\Windows\SYSTEM32\UMPDC.dll
0x00007fff719d0000 - 0x00007fff719e2000 	C:\Windows\SYSTEM32\kernel.appcore.dll
0x00007fff5f110000 - 0x00007fff5f11a000 	D:\java\java for vs\bin\jimage.dll
0x00007fff5d450000 - 0x00007fff5d634000 	C:\Windows\SYSTEM32\DBGHELP.DLL
0x00007fff5d410000 - 0x00007fff5d444000 	C:\Windows\SYSTEM32\dbgcore.DLL
0x00007fff74390000 - 0x00007fff74412000 	C:\Windows\System32\bcryptPrimitives.dll
0x00007fff47a60000 - 0x00007fff47a7f000 	D:\java\java for vs\bin\java.dll
0x00007fff751b0000 - 0x00007fff7591f000 	C:\Windows\System32\SHELL32.dll
0x00007fff71cb0000 - 0x00007fff72454000 	C:\Windows\SYSTEM32\windows.storage.dll
0x00007fff75920000 - 0x00007fff75c73000 	C:\Windows\System32\combase.dll
0x00007fff73610000 - 0x00007fff7363e000 	C:\Windows\SYSTEM32\Wldp.dll
0x00007fff750e0000 - 0x00007fff751ad000 	C:\Windows\System32\OLEAUT32.dll
0x00007fff764a0000 - 0x00007fff7654d000 	C:\Windows\System32\SHCORE.dll
0x00007fff749a0000 - 0x00007fff749f5000 	C:\Windows\System32\shlwapi.dll
0x00007fff73b60000 - 0x00007fff73b84000 	C:\Windows\SYSTEM32\profapi.dll
0x00007fff3b9d0000 - 0x00007fff3baa7000 	D:\java\java for vs\bin\jsvml.dll
0x00007fff11e20000 - 0x00007fff11fae000 	D:\java\java for vs\bin\awt.dll
0x00007fff70580000 - 0x00007fff70614000 	C:\Windows\SYSTEM32\apphelp.dll
0x00007fff719a0000 - 0x00007fff719cf000 	C:\Windows\system32\DWMAPI.DLL
0x00007fff715c0000 - 0x00007fff7165e000 	C:\Windows\system32\uxtheme.dll
0x00007fff58540000 - 0x00007fff58668000 	C:\Windows\system32\opengl32.dll
0x00007fff66af0000 - 0x00007fff66b1c000 	C:\Windows\SYSTEM32\GLU32.dll
0x00007fff74640000 - 0x00007fff74755000 	C:\Windows\System32\MSCTF.dll
0x00007fff75c80000 - 0x00007fff75dab000 	C:\Windows\System32\ole32.dll
0x00007fff3b940000 - 0x00007fff3b9c7000 	D:\java\java for vs\bin\freetype.dll
0x00007fff19870000 - 0x00007fff19952000 	D:\java\java for vs\bin\fontmanager.dll
0x00007fff74a00000 - 0x00007fff74aa9000 	C:\Windows\System32\clbcatq.dll
0x00007fff713e0000 - 0x00007fff71596000 	C:\Windows\SYSTEM32\WindowsCodecs.dll
0x00007fff61bf0000 - 0x00007fff61c2e000 	C:\Windows\system32\dataexchange.dll
0x00007fff6f820000 - 0x00007fff6fa04000 	C:\Windows\system32\dcomp.dll
0x00007fff6eff0000 - 0x00007fff6f253000 	C:\Windows\system32\d3d11.dll
0x00007fff725e0000 - 0x00007fff726d6000 	C:\Windows\system32\dxgi.dll
0x00007fff6d170000 - 0x00007fff6d373000 	C:\Windows\system32\twinapi.appcore.dll
0x00007fff5ef20000 - 0x00007fff5ef30000 	D:\java\java for vs\bin\net.dll
0x00007fff671f0000 - 0x00007fff672fd000 	C:\Windows\SYSTEM32\WINHTTP.dll
0x00007fff73350000 - 0x00007fff733ba000 	C:\Windows\system32\mswsock.dll
0x00007fff44bb0000 - 0x00007fff44bc6000 	D:\java\java for vs\bin\nio.dll
0x00007fff67770000 - 0x00007fff67869000 	C:\Windows\SYSTEM32\textinputframework.dll
0x00007fff70240000 - 0x00007fff70332000 	C:\Windows\System32\CoreMessaging.dll
0x00007fff6fee0000 - 0x00007fff7023b000 	C:\Windows\System32\CoreUIComponents.dll
0x00007fff72e60000 - 0x00007fff72e93000 	C:\Windows\SYSTEM32\ntmarta.dll
0x00007fff70770000 - 0x00007fff708c7000 	C:\Windows\SYSTEM32\wintypes.dll

dbghelp: loaded successfully - version: 4.0.5 - missing functions: none
symbol engine: initialized successfully - sym options: 0x614 - pdb path: .;D:\java\java for vs\bin;C:\Windows\SYSTEM32;C:\Windows\WinSxS\amd64_microsoft.windows.common-controls_6595b64144ccf1df_6.0.19041.4355_none_60b8b9eb71f62e16;D:\java\java for vs\bin\server

VM Arguments:
jvm_args: -XX:+ShowCodeDetailsInExceptionMessages 
java_command: FloorPlanner
java_class_path (initial): C:\Users\Computer\AppData\Roaming\Code\User\workspaceStorage\add97c035e53b960fe8d875b700578fa\redhat.java\jdt_ws\OOPs_Project_4fe075f7\bin
Launcher Type: SUN_STANDARD

[Global flags]
     intx CICompilerCount                          = 3                                         {product} {ergonomic}
     uint ConcGCThreads                            = 1                                         {product} {ergonomic}
     uint G1ConcRefinementThreads                  = 4                                         {product} {ergonomic}
   size_t G1HeapRegionSize                         = 2097152                                   {product} {ergonomic}
    uintx GCDrainStackTargetSize                   = 64                                        {product} {ergonomic}
   size_t InitialHeapSize                          = 266338304                                 {product} {ergonomic}
   size_t MarkStackSize                            = 4194304                                   {product} {ergonomic}
   size_t MaxHeapSize                              = 4244635648                                {product} {ergonomic}
   size_t MaxNewSize                               = 2545942528                                {product} {ergonomic}
   size_t MinHeapDeltaBytes                        = 2097152                                   {product} {ergonomic}
   size_t MinHeapSize                              = 8388608                                   {product} {ergonomic}
    uintx NonNMethodCodeHeapSize                   = 5832780                                {pd product} {ergonomic}
    uintx NonProfiledCodeHeapSize                  = 122912730                              {pd product} {ergonomic}
    uintx ProfiledCodeHeapSize                     = 122912730                              {pd product} {ergonomic}
    uintx ReservedCodeCacheSize                    = 251658240                              {pd product} {ergonomic}
     bool SegmentedCodeCache                       = true                                      {product} {ergonomic}
     bool ShowCodeDetailsInExceptionMessages       = true                                   {manageable} {command line}
   size_t SoftMaxHeapSize                          = 4244635648                             {manageable} {ergonomic}
     bool UseCompressedOops                        = true                           {product lp64_product} {ergonomic}
     bool UseG1GC                                  = true                                      {product} {ergonomic}
     bool UseLargePagesIndividualAllocation        = false                                  {pd product} {ergonomic}

Logging:
Log output configuration:
 #0: stdout all=warning uptime,level,tags foldmultilines=false
 #1: stderr all=off uptime,level,tags foldmultilines=false

Environment Variables:
CLASSPATH=D:\java\IntelliJ IDEA Community Edition 2023.2.3\bin
PATH=D:\java\java for vs\bin;C:\ProgramData\Oracle\Java\javapath;C:\Users\Computer\Desktop\mingw64\bin;C:\Program Files\Common Files\Oracle\Java\javapath;C:\Windows\system32;C:\Windows;C:\Windows\System32\Wbem;C:\Windows\System32\WindowsPowerShell\v1.0\;C:\Windows\System32\OpenSSH\;C:\Program Files\dotnet\;C:\Program Files\Git\cmd;D:\NodeJS\;C:\Program Files\Cloudflare\Cloudflare WARP\;C:\Users\Computer\AppData\Local\Programs\Python\Python312\Scripts\;C:\Users\Computer\AppData\Local\Programs\Python\Python312\;C:\Users\Computer\AppData\Local\Microsoft\WindowsApps;;D:\VScode\Microsoft VS Code\bin;C:\Users\Computer\AppData\Roaming\npm
USERNAME=Computer
LANG=en_US.UTF-8
OS=Windows_NT
PROCESSOR_IDENTIFIER=Intel64 Family 6 Model 156 Stepping 0, GenuineIntel
TMP=C:\Users\Computer\AppData\Local\Temp
TEMP=C:\Users\Computer\AppData\Local\Temp




Periodic native trim disabled

---------------  S Y S T E M  ---------------

OS:
 Windows 10 , 64 bit Build 19041 (10.0.19041.4957)
OS uptime: 15 days 0:59 hours

CPU: total 4 (initial active 4) (4 cores per cpu, 1 threads per core) family 6 model 156 stepping 0 microcode 0x2400001f, cx8, cmov, fxsr, mmx, 3dnowpref, sse, sse2, sse3, ssse3, sse4.1, sse4.2, popcnt, tsc, tscinvbit, aes, erms, clmul, sha, clflush, clflushopt, clwb, rdtscp, rdpid
Processor Information for all 4 processors :
  Max Mhz: 1114, Current Mhz: 1114, Mhz Limit: 1114

Memory: 4k page, system-wide physical 16189M (543M free)
TotalPageFile size 19665M (AvailPageFile size 15M)
current process WorkingSet (physical memory assigned to process): 96M, peak: 110M
current process commit charge ("private bytes"): 355M, peak: 374M

vm_info: OpenJDK 64-Bit Server VM (21.0.4+7-LTS) for windows-amd64 JRE (21.0.4+7-LTS), built on 2024-07-16T00:00:00Z by "admin" with MS VC++ 17.7 (VS2022)

END.
